 INFO 2019-05-26 08:52:35,446 AbstractAgent.java:<init>:31 - AGSOARIBBroker_SUPPLIERS - AGEIA:name=RIBAQAdapterMXBean registrado!
 INFO 2019-05-26 08:52:35,449 AbstractBroker.java:<init>:21 - AGSOARIBBroker_SUPPLIERS - AQ Broker iniciado
 INFO 2019-05-26 08:52:35,453 Broker.java:subscribe:94 - [RIBBroker] conectando a AQ...
 INFO 2019-05-26 08:52:38,375 Broker.java:subscribe:99 - [RIBBroker] Creando sesión de AQ...
 INFO 2019-05-26 08:52:39,143 Broker.java:subscribe:106 - [RIBBroker] Buscando tópico AQ RIB_AQ.ETVENDORFROMRMS
 INFO 2019-05-26 08:52:40,331 Broker.java:subscribe:115 - [RIBBroker] Esperando Mensajes RIB_AQ.ETVENDORFROMRMS
 INFO 2019-05-26 09:11:23,174 AbstractAgent.java:<init>:31 - AGSOARIBBroker_SUPPLIERS - AGEIA:name=RIBAQAdapterMXBean registrado!
 INFO 2019-05-26 09:11:23,178 AbstractBroker.java:<init>:21 - AGSOARIBBroker_SUPPLIERS - AQ Broker iniciado
 INFO 2019-05-26 09:11:23,185 Broker.java:subscribe:98 - [RIBBroker] conectando a AQ...
 INFO 2019-05-26 09:11:25,447 Broker.java:subscribe:103 - [RIBBroker] Creando sesión de AQ...
 INFO 2019-05-26 09:11:26,020 Broker.java:subscribe:110 - [RIBBroker] Buscando tópico AQ RIB_AQ.ETVENDORFROMRMS
 INFO 2019-05-26 09:11:26,879 Broker.java:subscribe:119 - [RIBBroker] Esperando Mensajes RIB_AQ.ETVENDORFROMRMS
 INFO 2019-05-26 09:12:27,315 Broker.java:unsubscribe:183 - AGSOARIBBroker_SUPPLIERS - Bajando suscripción 
 INFO 2019-05-26 09:12:27,317 Broker.java:unsubscribe:185 - [RIBBroker->AQ<Cola ETVENDORFROMRMS>] No se encontraron mensajes
 INFO 2019-05-26 09:12:27,317 Broker.java:unsubscribe:188 - [RIBBroker->AQ<Cola ETVENDORFROMRMS>] eliminando suscripción de mensajes
 INFO 2019-05-26 09:12:27,318 Broker.java:unsubscribe:189 -   
 INFO 2019-05-26 09:13:06,612 Broker.java:unsubscribe:183 - AGSOARIBBroker_SUPPLIERS - Bajando suscripción 
 INFO 2019-05-26 09:13:06,614 Broker.java:unsubscribe:185 - [RIBBroker->AQ<Cola ETVENDORFROMRMS>] No se encontraron mensajes
 INFO 2019-05-26 09:13:06,615 Broker.java:unsubscribe:188 - [RIBBroker->AQ<Cola ETVENDORFROMRMS>] eliminando suscripción de mensajes
 INFO 2019-05-26 09:13:06,616 Broker.java:unsubscribe:189 -   
 INFO 2019-05-26 09:18:45,663 AbstractAgent.java:<init>:31 - AGSOARIBBroker_SUPPLIERS - AGEIA:name=RIBAQAdapterMXBean registrado!
 INFO 2019-05-26 09:18:45,669 AbstractBroker.java:<init>:21 - AGSOARIBBroker_SUPPLIERS - AQ Broker iniciado
 INFO 2019-05-26 09:18:45,673 Broker.java:subscribe:98 - [RIBBroker] conectando a AQ...
 INFO 2019-05-26 09:18:47,926 Broker.java:subscribe:103 - [RIBBroker] Creando sesión de AQ...
 INFO 2019-05-26 09:18:48,477 Broker.java:subscribe:110 - [RIBBroker] Buscando tópico AQ RIB_AQ.ETVENDORFROMRMS
 INFO 2019-05-26 09:18:49,395 Broker.java:subscribe:119 - [RIBBroker] Esperando Mensajes RIB_AQ.ETVENDORFROMRMS
 INFO 2019-05-26 09:19:38,580 Broker.java:unsubscribe:183 - AGSOARIBBroker_SUPPLIERS - Bajando suscripción 
 INFO 2019-05-26 09:19:38,582 Broker.java:unsubscribe:185 - [RIBBroker->AQ<Cola ETVENDORFROMRMS>] No se encontraron mensajes
 INFO 2019-05-26 09:19:38,582 Broker.java:unsubscribe:188 - [RIBBroker->AQ<Cola ETVENDORFROMRMS>] eliminando suscripción de mensajes
 INFO 2019-05-26 09:19:38,583 Broker.java:unsubscribe:189 -   
